02-24 11:13:26  INFO - main_logger [logger.py line 26] - Start training
02-24 11:13:26  INFO - main_logger [train.py line 43] - => will save everything to ./outputs/checkpoints/210224/111326
02-24 11:13:26  INFO - main_logger [train.py line 47] - => configurations 
 {'data': {'root_sintel': '/content/drive/MyDrive/data1/',
          'root_sintel_raw': '/content/drive/MyDrive/data1/',
          'run_at': False,
          'test_shape': [448, 1024],
          'train_n_frames': 2,
          'type': 'OCEANO',
          'val_n_frames': 2,
          'val_subsplit': 'val'},
 'data_aug': {'crop': True,
              'hflip': False,
              'para_crop': [384, 240],
              'swap': True},
 'loss': {'alpha': 10,
          'occ_from_back': True,
          'type': 'unflow',
          'w_l1': 0.15,
          'w_scales': [1.0, 1.0, 1.0, 1.0, 0.0],
          'w_sm_scales': [1.0, 0.0, 0.0, 0.0, 0.0],
          'w_smooth': 50.0,
          'w_ssim': 0.85,
          'w_ternary': 0.0,
          'warp_pad': 'border',
          'with_bk': True},
 'model': {'n_frames': 2,
           'reduce_dense': True,
           'type': 'pwclite',
           'upsample': True},
 'save_root': Path('./outputs/checkpoints/210224/111326'),
 'seed': 0,
 'train': {'batch_size': 4,
           'beta': 0.999,
           'bias_decay': 0,
           'epoch_num': 10,
           'epoch_size': 1000,
           'lr': 0.0001,
           'momentum': 0.9,
           'n_gpu': 1,
           'optim': 'adam',
           'pretrained_model': '/content/projet-prat-oceano/checkpoints/Sintel/pwclite_ar.tar',
           'print_freq': 10,
           'record_freq': 50,
           'save_iter': 10000,
           'stage1': {'epoch': 50,
                      'loss': {'occ_from_back': False,
                               'w_l1': 0.0,
                               'w_ssim': 0.0,
                               'w_ternary': 1.0}},
           'val_epoch_size': 1,
           'valid_size': 0,
           'weight_decay': 1e-06,
           'workers': 4},
 'trainer': 'OCEANO_Trainer'}
02-24 11:13:26  INFO - main_logger [basic_train.py line 14] - => fetching img pairs.
02-24 11:13:26  INFO - main_logger [basic_train.py line 20] - 11196 samples found, 3732 train samples and 7464 test samples 
02-24 11:13:28  INFO - main_logger [base_trainer.py line 57] - => using pre-trained weights /content/projet-prat-oceano/checkpoints/Sintel/pwclite_ar.tar.
02-24 11:13:28  INFO - main_logger [base_trainer.py line 74] - => setting Adam solver
