02-24 11:14:19  INFO - main_logger [logger.py line 26] - Start training
02-24 11:14:19  INFO - main_logger [train.py line 43] - => will save everything to ./outputs/checkpoints/210224/111419
02-24 11:14:19  INFO - main_logger [train.py line 47] - => configurations 
 {'data': {'root_sintel': '/content/drive/MyDrive/data1/',
          'root_sintel_raw': '/content/drive/MyDrive/data1/',
          'run_at': False,
          'test_shape': [448, 1024],
          'train_n_frames': 2,
          'type': 'OCEANO',
          'val_n_frames': 2,
          'val_subsplit': 'val'},
 'data_aug': {'crop': True,
              'hflip': False,
              'para_crop': [384, 640],
              'swap': True},
 'loss': {'alpha': 10,
          'occ_from_back': True,
          'type': 'unflow',
          'w_l1': 0.15,
          'w_scales': [1.0, 1.0, 1.0, 1.0, 0.0],
          'w_sm_scales': [1.0, 0.0, 0.0, 0.0, 0.0],
          'w_smooth': 50.0,
          'w_ssim': 0.85,
          'w_ternary': 0.0,
          'warp_pad': 'border',
          'with_bk': True},
 'model': {'n_frames': 2,
           'reduce_dense': True,
           'type': 'pwclite',
           'upsample': True},
 'save_root': Path('./outputs/checkpoints/210224/111419'),
 'seed': 0,
 'train': {'batch_size': 4,
           'beta': 0.999,
           'bias_decay': 0,
           'epoch_num': 10,
           'epoch_size': 1000,
           'lr': 0.0001,
           'momentum': 0.9,
           'n_gpu': 1,
           'optim': 'adam',
           'pretrained_model': '/content/projet-prat-oceano/checkpoints/Sintel/pwclite_ar.tar',
           'print_freq': 10,
           'record_freq': 50,
           'save_iter': 10000,
           'stage1': {'epoch': 50,
                      'loss': {'occ_from_back': False,
                               'w_l1': 0.0,
                               'w_ssim': 0.0,
                               'w_ternary': 1.0}},
           'val_epoch_size': 1,
           'valid_size': 0,
           'weight_decay': 1e-06,
           'workers': 4},
 'trainer': 'OCEANO_Trainer'}
02-24 11:14:19  INFO - main_logger [basic_train.py line 14] - => fetching img pairs.
02-24 11:14:20  INFO - main_logger [basic_train.py line 20] - 11196 samples found, 3732 train samples and 7464 test samples 
02-24 11:14:22  INFO - main_logger [base_trainer.py line 57] - => using pre-trained weights /content/projet-prat-oceano/checkpoints/Sintel/pwclite_ar.tar.
02-24 11:14:22  INFO - main_logger [base_trainer.py line 74] - => setting Adam solver
02-24 11:14:24  INFO - main_logger [oceano_trainer.py line 74] - 0:0000/0933 Time  1.924 ( 1.924) Data  0.756 ( 0.756) Info  0.0176  0.0171  0.0005  0.1211 ( 0.0176  0.0171  0.0005  0.1211)
02-24 11:14:35  INFO - main_logger [oceano_trainer.py line 74] - 0:0010/0933 Time  1.060 ( 1.139) Data  0.025 ( 0.090) Info  0.0190  0.0184  0.0006  0.1227 ( 0.0160  0.0152  0.0007  0.1430)
02-24 11:14:45  INFO - main_logger [oceano_trainer.py line 74] - 0:0020/0933 Time  1.060 ( 1.102) Data  0.025 ( 0.059) Info  0.0143  0.0137  0.0006  0.1390 ( 0.0155  0.0148  0.0007  0.1375)
02-24 11:14:56  INFO - main_logger [oceano_trainer.py line 74] - 0:0030/0933 Time  1.059 ( 1.089) Data  0.024 ( 0.048) Info  0.0147  0.0141  0.0006  0.1412 ( 0.0153  0.0147  0.0006  0.1383)
02-24 11:15:07  INFO - main_logger [oceano_trainer.py line 74] - 0:0040/0933 Time  1.061 ( 1.084) Data  0.025 ( 0.042) Info  0.0155  0.0149  0.0006  0.1480 ( 0.0153  0.0147  0.0006  0.1390)
02-24 11:15:17  INFO - main_logger [oceano_trainer.py line 74] - 0:0050/0933 Time  1.061 ( 1.080) Data  0.025 ( 0.039) Info  0.0134  0.0128  0.0006  0.1566 ( 0.0150  0.0144  0.0006  0.1398)
02-24 11:15:28  INFO - main_logger [oceano_trainer.py line 74] - 0:0060/0933 Time  1.060 ( 1.078) Data  0.026 ( 0.036) Info  0.0143  0.0137  0.0006  0.1563 ( 0.0151  0.0145  0.0006  0.1404)
02-24 11:15:39  INFO - main_logger [oceano_trainer.py line 74] - 0:0070/0933 Time  1.067 ( 1.077) Data  0.025 ( 0.035) Info  0.0176  0.0170  0.0006  0.1564 ( 0.0151  0.0145  0.0006  0.1421)
02-24 11:15:49  INFO - main_logger [oceano_trainer.py line 74] - 0:0080/0933 Time  1.060 ( 1.075) Data  0.024 ( 0.034) Info  0.0160  0.0154  0.0005  0.1586 ( 0.0151  0.0145  0.0006  0.1434)
02-24 11:16:00  INFO - main_logger [oceano_trainer.py line 74] - 0:0090/0933 Time  1.066 ( 1.074) Data  0.025 ( 0.033) Info  0.0144  0.0138  0.0006  0.1483 ( 0.0151  0.0145  0.0006  0.1444)
02-24 11:16:11  INFO - main_logger [oceano_trainer.py line 74] - 0:0100/0933 Time  1.060 ( 1.073) Data  0.025 ( 0.032) Info  0.0153  0.0147  0.0006  0.1673 ( 0.0152  0.0145  0.0006  0.1463)
02-24 11:16:21  INFO - main_logger [oceano_trainer.py line 74] - 0:0110/0933 Time  1.062 ( 1.073) Data  0.024 ( 0.031) Info  0.0121  0.0115  0.0006  0.1538 ( 0.0151  0.0144  0.0006  0.1470)
02-24 11:16:32  INFO - main_logger [oceano_trainer.py line 74] - 0:0120/0933 Time  1.061 ( 1.072) Data  0.025 ( 0.031) Info  0.0161  0.0155  0.0006  0.1699 ( 0.0150  0.0144  0.0006  0.1480)
02-24 11:16:42  INFO - main_logger [oceano_trainer.py line 74] - 0:0130/0933 Time  1.064 ( 1.071) Data  0.025 ( 0.030) Info  0.0160  0.0153  0.0007  0.1611 ( 0.0150  0.0144  0.0006  0.1489)
02-24 11:16:53  INFO - main_logger [oceano_trainer.py line 74] - 0:0140/0933 Time  1.059 ( 1.071) Data  0.025 ( 0.030) Info  0.0144  0.0137  0.0007  0.1663 ( 0.0150  0.0144  0.0006  0.1493)
02-24 11:17:04  INFO - main_logger [oceano_trainer.py line 74] - 0:0150/0933 Time  1.060 ( 1.071) Data  0.025 ( 0.029) Info  0.0166  0.0160  0.0006  0.1516 ( 0.0150  0.0144  0.0006  0.1502)
02-24 11:17:14  INFO - main_logger [oceano_trainer.py line 74] - 0:0160/0933 Time  1.059 ( 1.070) Data  0.025 ( 0.029) Info  0.0145  0.0139  0.0006  0.1542 ( 0.0150  0.0144  0.0006  0.1508)
02-24 11:17:25  INFO - main_logger [oceano_trainer.py line 74] - 0:0170/0933 Time  1.062 ( 1.070) Data  0.025 ( 0.029) Info  0.0133  0.0127  0.0006  0.1641 ( 0.0150  0.0144  0.0006  0.1513)
02-24 11:17:36  INFO - main_logger [oceano_trainer.py line 74] - 0:0180/0933 Time  1.066 ( 1.070) Data  0.024 ( 0.029) Info  0.0154  0.0148  0.0006  0.1617 ( 0.0149  0.0143  0.0006  0.1518)
02-24 11:17:46  INFO - main_logger [oceano_trainer.py line 74] - 0:0190/0933 Time  1.065 ( 1.069) Data  0.025 ( 0.028) Info  0.0142  0.0137  0.0005  0.1516 ( 0.0149  0.0143  0.0006  0.1524)
02-24 11:17:57  INFO - main_logger [oceano_trainer.py line 74] - 0:0200/0933 Time  1.062 ( 1.069) Data  0.025 ( 0.028) Info  0.0131  0.0125  0.0006  0.1579 ( 0.0150  0.0143  0.0006  0.1528)
02-24 11:18:08  INFO - main_logger [oceano_trainer.py line 74] - 0:0210/0933 Time  1.066 ( 1.069) Data  0.025 ( 0.028) Info  0.0135  0.0129  0.0006  0.1529 ( 0.0149  0.0143  0.0006  0.1534)
02-24 11:18:18  INFO - main_logger [oceano_trainer.py line 74] - 0:0220/0933 Time  1.070 ( 1.069) Data  0.027 ( 0.028) Info  0.0144  0.0138  0.0006  0.1579 ( 0.0149  0.0143  0.0006  0.1538)
02-24 11:18:29  INFO - main_logger [oceano_trainer.py line 74] - 0:0230/0933 Time  1.064 ( 1.069) Data  0.024 ( 0.028) Info  0.0138  0.0131  0.0006  0.1598 ( 0.0149  0.0143  0.0006  0.1543)
02-24 11:18:40  INFO - main_logger [oceano_trainer.py line 74] - 0:0240/0933 Time  1.069 ( 1.069) Data  0.025 ( 0.028) Info  0.0126  0.0120  0.0006  0.1576 ( 0.0148  0.0142  0.0006  0.1548)
02-24 11:18:50  INFO - main_logger [oceano_trainer.py line 74] - 0:0250/0933 Time  1.065 ( 1.069) Data  0.026 ( 0.028) Info  0.0138  0.0131  0.0006  0.1732 ( 0.0149  0.0143  0.0006  0.1554)
02-24 11:19:01  INFO - main_logger [oceano_trainer.py line 74] - 0:0260/0933 Time  1.059 ( 1.068) Data  0.025 ( 0.027) Info  0.0138  0.0131  0.0006  0.1758 ( 0.0148  0.0142  0.0006  0.1559)
02-24 11:19:12  INFO - main_logger [oceano_trainer.py line 74] - 0:0270/0933 Time  1.079 ( 1.068) Data  0.025 ( 0.027) Info  0.0140  0.0134  0.0006  0.1736 ( 0.0148  0.0142  0.0006  0.1562)
02-24 11:19:22  INFO - main_logger [oceano_trainer.py line 74] - 0:0280/0933 Time  1.071 ( 1.068) Data  0.025 ( 0.027) Info  0.0118  0.0112  0.0006  0.1577 ( 0.0148  0.0142  0.0006  0.1565)
02-24 11:19:33  INFO - main_logger [oceano_trainer.py line 74] - 0:0290/0933 Time  1.057 ( 1.068) Data  0.024 ( 0.027) Info  0.0142  0.0135  0.0006  0.1745 ( 0.0148  0.0142  0.0006  0.1568)
02-24 11:19:44  INFO - main_logger [oceano_trainer.py line 74] - 0:0300/0933 Time  1.060 ( 1.068) Data  0.024 ( 0.027) Info  0.0135  0.0129  0.0006  0.1616 ( 0.0148  0.0142  0.0006  0.1572)
02-24 11:19:54  INFO - main_logger [oceano_trainer.py line 74] - 0:0310/0933 Time  1.069 ( 1.068) Data  0.025 ( 0.027) Info  0.0149  0.0143  0.0006  0.1642 ( 0.0148  0.0142  0.0006  0.1575)
02-24 11:20:05  INFO - main_logger [oceano_trainer.py line 74] - 0:0320/0933 Time  1.074 ( 1.068) Data  0.024 ( 0.027) Info  0.0138  0.0133  0.0005  0.1486 ( 0.0148  0.0142  0.0006  0.1578)
02-24 11:20:15  INFO - main_logger [oceano_trainer.py line 74] - 0:0330/0933 Time  1.061 ( 1.067) Data  0.025 ( 0.027) Info  0.0158  0.0152  0.0006  0.1687 ( 0.0148  0.0141  0.0006  0.1582)
02-24 11:20:26  INFO - main_logger [oceano_trainer.py line 74] - 0:0340/0933 Time  1.063 ( 1.067) Data  0.025 ( 0.027) Info  0.0181  0.0175  0.0006  0.1650 ( 0.0148  0.0142  0.0006  0.1585)
02-24 11:20:37  INFO - main_logger [oceano_trainer.py line 74] - 0:0350/0933 Time  1.061 ( 1.067) Data  0.025 ( 0.027) Info  0.0170  0.0165  0.0006  0.1688 ( 0.0148  0.0142  0.0006  0.1588)
02-24 11:20:47  INFO - main_logger [oceano_trainer.py line 74] - 0:0360/0933 Time  1.059 ( 1.067) Data  0.024 ( 0.027) Info  0.0129  0.0123  0.0006  0.1823 ( 0.0148  0.0142  0.0006  0.1591)
02-24 11:20:58  INFO - main_logger [oceano_trainer.py line 74] - 0:0370/0933 Time  1.058 ( 1.067) Data  0.024 ( 0.027) Info  0.0133  0.0128  0.0006  0.1674 ( 0.0148  0.0142  0.0006  0.1593)
02-24 11:21:09  INFO - main_logger [oceano_trainer.py line 74] - 0:0380/0933 Time  1.059 ( 1.067) Data  0.025 ( 0.027) Info  0.0117  0.0111  0.0005  0.1551 ( 0.0147  0.0141  0.0006  0.1596)
02-24 11:21:19  INFO - main_logger [oceano_trainer.py line 74] - 0:0390/0933 Time  1.060 ( 1.067) Data  0.024 ( 0.027) Info  0.0188  0.0181  0.0007  0.2085 ( 0.0147  0.0141  0.0006  0.1601)
02-24 11:21:30  INFO - main_logger [oceano_trainer.py line 74] - 0:0400/0933 Time  1.073 ( 1.067) Data  0.025 ( 0.027) Info  0.0133  0.0127  0.0006  0.1735 ( 0.0147  0.0141  0.0006  0.1603)
02-24 11:21:41  INFO - main_logger [oceano_trainer.py line 74] - 0:0410/0933 Time  1.058 ( 1.067) Data  0.025 ( 0.026) Info  0.0167  0.0162  0.0006  0.1836 ( 0.0147  0.0141  0.0006  0.1605)
02-24 11:21:51  INFO - main_logger [oceano_trainer.py line 74] - 0:0420/0933 Time  1.059 ( 1.067) Data  0.025 ( 0.026) Info  0.0128  0.0122  0.0006  0.1703 ( 0.0147  0.0141  0.0006  0.1609)
02-24 11:22:02  INFO - main_logger [oceano_trainer.py line 74] - 0:0430/0933 Time  1.060 ( 1.067) Data  0.024 ( 0.026) Info  0.0138  0.0133  0.0005  0.1695 ( 0.0147  0.0141  0.0006  0.1612)
02-24 11:22:12  INFO - main_logger [oceano_trainer.py line 74] - 0:0440/0933 Time  1.059 ( 1.066) Data  0.024 ( 0.026) Info  0.0147  0.0141  0.0006  0.1799 ( 0.0147  0.0141  0.0006  0.1616)
02-24 11:22:23  INFO - main_logger [oceano_trainer.py line 74] - 0:0450/0933 Time  1.061 ( 1.066) Data  0.026 ( 0.026) Info  0.0155  0.0149  0.0006  0.1791 ( 0.0147  0.0141  0.0006  0.1618)
02-24 11:22:34  INFO - main_logger [oceano_trainer.py line 74] - 0:0460/0933 Time  1.061 ( 1.066) Data  0.025 ( 0.026) Info  0.0122  0.0115  0.0006  0.1644 ( 0.0147  0.0141  0.0006  0.1622)
02-24 11:22:44  INFO - main_logger [oceano_trainer.py line 74] - 0:0470/0933 Time  1.062 ( 1.066) Data  0.025 ( 0.026) Info  0.0151  0.0145  0.0006  0.1771 ( 0.0147  0.0141  0.0006  0.1625)
02-24 11:22:55  INFO - main_logger [oceano_trainer.py line 74] - 0:0480/0933 Time  1.060 ( 1.066) Data  0.025 ( 0.026) Info  0.0138  0.0133  0.0006  0.1765 ( 0.0147  0.0141  0.0006  0.1627)
02-24 11:23:05  INFO - main_logger [oceano_trainer.py line 74] - 0:0490/0933 Time  1.064 ( 1.066) Data  0.024 ( 0.026) Info  0.0139  0.0134  0.0005  0.1782 ( 0.0147  0.0141  0.0006  0.1629)
02-24 11:23:16  INFO - main_logger [oceano_trainer.py line 74] - 0:0500/0933 Time  1.058 ( 1.066) Data  0.025 ( 0.026) Info  0.0133  0.0126  0.0007  0.1711 ( 0.0147  0.0141  0.0006  0.1632)
02-24 11:23:27  INFO - main_logger [oceano_trainer.py line 74] - 0:0510/0933 Time  1.059 ( 1.066) Data  0.025 ( 0.026) Info  0.0113  0.0107  0.0006  0.1654 ( 0.0147  0.0141  0.0006  0.1634)
02-24 11:23:37  INFO - main_logger [oceano_trainer.py line 74] - 0:0520/0933 Time  1.060 ( 1.066) Data  0.025 ( 0.026) Info  0.0128  0.0122  0.0006  0.1617 ( 0.0147  0.0141  0.0006  0.1636)
02-24 11:23:48  INFO - main_logger [oceano_trainer.py line 74] - 0:0530/0933 Time  1.074 ( 1.066) Data  0.029 ( 0.026) Info  0.0134  0.0128  0.0006  0.1731 ( 0.0147  0.0141  0.0006  0.1639)
02-24 11:23:59  INFO - main_logger [oceano_trainer.py line 74] - 0:0540/0933 Time  1.058 ( 1.066) Data  0.024 ( 0.026) Info  0.0124  0.0118  0.0006  0.1762 ( 0.0147  0.0141  0.0006  0.1641)
02-24 11:24:09  INFO - main_logger [oceano_trainer.py line 74] - 0:0550/0933 Time  1.059 ( 1.066) Data  0.024 ( 0.026) Info  0.0143  0.0137  0.0006  0.1697 ( 0.0146  0.0140  0.0006  0.1643)
02-24 11:24:20  INFO - main_logger [oceano_trainer.py line 74] - 0:0560/0933 Time  1.061 ( 1.066) Data  0.025 ( 0.026) Info  0.0165  0.0159  0.0006  0.1757 ( 0.0146  0.0140  0.0006  0.1645)
02-24 11:24:31  INFO - main_logger [oceano_trainer.py line 74] - 0:0570/0933 Time  1.067 ( 1.066) Data  0.026 ( 0.026) Info  0.0148  0.0142  0.0006  0.1867 ( 0.0146  0.0140  0.0006  0.1647)
02-24 11:24:41  INFO - main_logger [oceano_trainer.py line 74] - 0:0580/0933 Time  1.073 ( 1.066) Data  0.026 ( 0.026) Info  0.0134  0.0129  0.0005  0.1757 ( 0.0146  0.0140  0.0006  0.1648)
02-24 11:24:52  INFO - main_logger [oceano_trainer.py line 74] - 0:0590/0933 Time  1.060 ( 1.066) Data  0.025 ( 0.026) Info  0.0129  0.0124  0.0005  0.1657 ( 0.0146  0.0140  0.0006  0.1651)
02-24 11:25:03  INFO - main_logger [oceano_trainer.py line 74] - 0:0600/0933 Time  1.067 ( 1.066) Data  0.025 ( 0.026) Info  0.0133  0.0127  0.0006  0.1650 ( 0.0146  0.0140  0.0006  0.1652)
02-24 11:25:13  INFO - main_logger [oceano_trainer.py line 74] - 0:0610/0933 Time  1.063 ( 1.066) Data  0.025 ( 0.026) Info  0.0142  0.0136  0.0006  0.1827 ( 0.0146  0.0140  0.0006  0.1655)
02-24 11:25:24  INFO - main_logger [oceano_trainer.py line 74] - 0:0620/0933 Time  1.066 ( 1.066) Data  0.026 ( 0.026) Info  0.0149  0.0144  0.0006  0.1810 ( 0.0146  0.0140  0.0006  0.1657)
02-24 11:25:34  INFO - main_logger [oceano_trainer.py line 74] - 0:0630/0933 Time  1.062 ( 1.066) Data  0.025 ( 0.026) Info  0.0145  0.0139  0.0006  0.1901 ( 0.0146  0.0140  0.0006  0.1659)
02-24 11:25:45  INFO - main_logger [oceano_trainer.py line 74] - 0:0640/0933 Time  1.060 ( 1.066) Data  0.025 ( 0.026) Info  0.0136  0.0129  0.0007  0.1798 ( 0.0146  0.0140  0.0006  0.1660)
02-24 11:25:56  INFO - main_logger [oceano_trainer.py line 74] - 0:0650/0933 Time  1.076 ( 1.066) Data  0.026 ( 0.026) Info  0.0122  0.0115  0.0006  0.1824 ( 0.0146  0.0140  0.0006  0.1662)
02-24 11:26:06  INFO - main_logger [oceano_trainer.py line 74] - 0:0660/0933 Time  1.061 ( 1.066) Data  0.024 ( 0.026) Info  0.0171  0.0165  0.0006  0.1814 ( 0.0146  0.0140  0.0006  0.1664)
02-24 11:26:17  INFO - main_logger [oceano_trainer.py line 74] - 0:0670/0933 Time  1.063 ( 1.065) Data  0.026 ( 0.026) Info  0.0134  0.0128  0.0006  0.1853 ( 0.0146  0.0140  0.0006  0.1666)
02-24 11:26:28  INFO - main_logger [oceano_trainer.py line 74] - 0:0680/0933 Time  1.060 ( 1.065) Data  0.025 ( 0.026) Info  0.0152  0.0146  0.0006  0.1760 ( 0.0146  0.0140  0.0006  0.1667)
02-24 11:26:38  INFO - main_logger [oceano_trainer.py line 74] - 0:0690/0933 Time  1.064 ( 1.065) Data  0.025 ( 0.026) Info  0.0140  0.0134  0.0006  0.1903 ( 0.0146  0.0140  0.0006  0.1669)
02-24 11:26:49  INFO - main_logger [oceano_trainer.py line 74] - 0:0700/0933 Time  1.070 ( 1.065) Data  0.026 ( 0.026) Info  0.0149  0.0144  0.0006  0.1898 ( 0.0146  0.0140  0.0006  0.1671)
02-24 11:27:00  INFO - main_logger [oceano_trainer.py line 74] - 0:0710/0933 Time  1.075 ( 1.065) Data  0.025 ( 0.026) Info  0.0135  0.0129  0.0006  0.1833 ( 0.0146  0.0140  0.0006  0.1672)
02-24 11:27:10  INFO - main_logger [oceano_trainer.py line 74] - 0:0720/0933 Time  1.061 ( 1.065) Data  0.025 ( 0.026) Info  0.0125  0.0119  0.0006  0.1729 ( 0.0146  0.0140  0.0006  0.1673)
02-24 11:27:21  INFO - main_logger [oceano_trainer.py line 74] - 0:0730/0933 Time  1.066 ( 1.065) Data  0.026 ( 0.026) Info  0.0167  0.0161  0.0006  0.1906 ( 0.0146  0.0140  0.0006  0.1675)
02-24 11:27:32  INFO - main_logger [oceano_trainer.py line 74] - 0:0740/0933 Time  1.065 ( 1.065) Data  0.026 ( 0.026) Info  0.0130  0.0124  0.0007  0.1735 ( 0.0146  0.0140  0.0006  0.1676)
02-24 11:27:42  INFO - main_logger [oceano_trainer.py line 74] - 0:0750/0933 Time  1.064 ( 1.065) Data  0.025 ( 0.026) Info  0.0225  0.0215  0.0009  0.2331 ( 0.0146  0.0140  0.0006  0.1678)
02-24 11:27:53  INFO - main_logger [oceano_trainer.py line 74] - 0:0760/0933 Time  1.071 ( 1.065) Data  0.026 ( 0.026) Info  0.0147  0.0141  0.0006  0.1795 ( 0.0146  0.0140  0.0006  0.1680)
02-24 11:28:04  INFO - main_logger [oceano_trainer.py line 74] - 0:0770/0933 Time  1.072 ( 1.065) Data  0.026 ( 0.026) Info  0.0162  0.0156  0.0006  0.2042 ( 0.0146  0.0140  0.0006  0.1682)
02-24 11:28:14  INFO - main_logger [oceano_trainer.py line 74] - 0:0780/0933 Time  1.064 ( 1.065) Data  0.026 ( 0.026) Info  0.0138  0.0132  0.0006  0.1861 ( 0.0146  0.0140  0.0006  0.1683)
02-24 11:28:25  INFO - main_logger [oceano_trainer.py line 74] - 0:0790/0933 Time  1.071 ( 1.065) Data  0.026 ( 0.026) Info  0.0147  0.0141  0.0007  0.2049 ( 0.0146  0.0140  0.0006  0.1685)
02-24 11:28:36  INFO - main_logger [oceano_trainer.py line 74] - 0:0800/0933 Time  1.071 ( 1.066) Data  0.025 ( 0.026) Info  0.0159  0.0153  0.0006  0.1820 ( 0.0146  0.0140  0.0006  0.1687)
02-24 11:28:46  INFO - main_logger [oceano_trainer.py line 74] - 0:0810/0933 Time  1.076 ( 1.066) Data  0.026 ( 0.026) Info  0.0130  0.0124  0.0006  0.1741 ( 0.0146  0.0140  0.0006  0.1688)
02-24 11:28:57  INFO - main_logger [oceano_trainer.py line 74] - 0:0820/0933 Time  1.059 ( 1.066) Data  0.025 ( 0.026) Info  0.0144  0.0138  0.0007  0.1835 ( 0.0146  0.0140  0.0006  0.1689)
02-24 11:29:08  INFO - main_logger [oceano_trainer.py line 74] - 0:0830/0933 Time  1.065 ( 1.066) Data  0.025 ( 0.026) Info  0.0148  0.0143  0.0005  0.1695 ( 0.0146  0.0140  0.0006  0.1691)
02-24 11:29:18  INFO - main_logger [oceano_trainer.py line 74] - 0:0840/0933 Time  1.067 ( 1.066) Data  0.023 ( 0.026) Info  0.0140  0.0135  0.0006  0.1594 ( 0.0146  0.0140  0.0006  0.1692)
02-24 11:29:29  INFO - main_logger [oceano_trainer.py line 74] - 0:0850/0933 Time  1.065 ( 1.066) Data  0.026 ( 0.026) Info  0.0120  0.0115  0.0005  0.1818 ( 0.0146  0.0140  0.0006  0.1693)
02-24 11:29:40  INFO - main_logger [oceano_trainer.py line 74] - 0:0860/0933 Time  1.069 ( 1.066) Data  0.026 ( 0.026) Info  0.0134  0.0128  0.0006  0.1711 ( 0.0146  0.0140  0.0006  0.1694)
02-24 11:29:50  INFO - main_logger [oceano_trainer.py line 74] - 0:0870/0933 Time  1.060 ( 1.066) Data  0.025 ( 0.026) Info  0.0141  0.0135  0.0006  0.1847 ( 0.0146  0.0140  0.0006  0.1696)
02-24 11:30:01  INFO - main_logger [oceano_trainer.py line 74] - 0:0880/0933 Time  1.071 ( 1.066) Data  0.026 ( 0.026) Info  0.0145  0.0139  0.0006  0.1897 ( 0.0146  0.0139  0.0006  0.1697)
02-24 11:30:12  INFO - main_logger [oceano_trainer.py line 74] - 0:0890/0933 Time  1.071 ( 1.066) Data  0.026 ( 0.026) Info  0.0126  0.0120  0.0006  0.1798 ( 0.0146  0.0139  0.0006  0.1698)
02-24 11:30:22  INFO - main_logger [oceano_trainer.py line 74] - 0:0900/0933 Time  1.062 ( 1.066) Data  0.024 ( 0.026) Info  0.0117  0.0111  0.0006  0.1733 ( 0.0145  0.0139  0.0006  0.1699)
02-24 11:30:33  INFO - main_logger [oceano_trainer.py line 74] - 0:0910/0933 Time  1.062 ( 1.066) Data  0.025 ( 0.026) Info  0.0127  0.0121  0.0006  0.1736 ( 0.0145  0.0139  0.0006  0.1700)
02-24 11:30:44  INFO - main_logger [oceano_trainer.py line 74] - 0:0920/0933 Time  1.074 ( 1.066) Data  0.025 ( 0.026) Info  0.0148  0.0142  0.0006  0.1828 ( 0.0145  0.0139  0.0006  0.1701)
02-24 11:30:55  INFO - main_logger [oceano_trainer.py line 74] - 0:0930/0933 Time  1.060 ( 1.066) Data  0.025 ( 0.026) Info  0.0127  0.0122  0.0006  0.1755 ( 0.0145  0.0139  0.0006  0.1702)
